slurmstepd: info: Setting TMPDIR to /scratch/7386353. Previous errors about TMPDIR can be discarded
python/3.9.9 loaded
jupyter-server/1.13.5-python-3.9.9 loaded
jupyterlab/3.2.4-python-3.9.9 loaded
Architecture:                    x86_64
CPU op-mode(s):                  32-bit, 64-bit
Byte Order:                      Little Endian
Address sizes:                   46 bits physical, 57 bits virtual
CPU(s):                          64
On-line CPU(s) list:             0-63
Thread(s) per core:              1
Core(s) per socket:              32
Socket(s):                       2
NUMA node(s):                    4
Vendor ID:                       GenuineIntel
CPU family:                      6
Model:                           106
Model name:                      Intel(R) Xeon(R) Platinum 8352Y CPU @ 2.20GHz
Stepping:                        6
CPU MHz:                         2800.018
CPU max MHz:                     3400.0000
CPU min MHz:                     800.0000
BogoMIPS:                        4400.00
Virtualization:                  VT-x
L1d cache:                       3 MiB
L1i cache:                       2 MiB
L2 cache:                        80 MiB
L3 cache:                        96 MiB
NUMA node0 CPU(s):               0-15
NUMA node1 CPU(s):               16-31
NUMA node2 CPU(s):               32-47
NUMA node3 CPU(s):               48-63
Vulnerability Itlb multihit:     Not affected
Vulnerability L1tf:              Not affected
Vulnerability Mds:               Not affected
Vulnerability Meltdown:          Not affected
Vulnerability Spec store bypass: Mitigation; Speculative Store Bypass disabled via prctl and seccomp
Vulnerability Spectre v1:        Mitigation; usercopy/swapgs barriers and __user pointer sanitization
Vulnerability Spectre v2:        Mitigation; Enhanced IBRS, IBPB conditional, RSB filling
Vulnerability Srbds:             Not affected
Vulnerability Tsx async abort:   Not affected
Flags:                           fpu vme de pse tsc msr pae mce cx8 apic sep mtrr pge mca cmov pat pse36 clflush dts acpi mmx fxsr sse sse2 ss ht tm pbe syscall nx pdpe1gb rdtscp lm constant_tsc art arch_perfmon pebs bts rep_good nopl xtopology nonstop_tsc cpuid aperfmperf pni pclmulqdq dtes64 monitor ds_cpl vmx smx est tm2 ssse3 sdbg fma cx16 xtpr pdcm pcid dca sse4_1 sse4_2 x2apic movbe popcnt tsc_deadline_timer aes xsave avx f16c rdrand lahf_lm abm 3dnowprefetch cpuid_fault epb cat_l3 invpcid_single intel_ppin ssbd mba ibrs ibpb stibp ibrs_enhanced tpr_shadow vnmi flexpriority ept vpid ept_ad fsgsbase tsc_adjust bmi1 hle avx2 smep bmi2 erms invpcid cqm rdt_a avx512f avx512dq rdseed adx smap avx512ifma clflushopt clwb intel_pt avx512cd sha_ni avx512bw avx512vl xsaveopt xsavec xgetbv1 xsaves cqm_llc cqm_occup_llc cqm_mbm_total cqm_mbm_local split_lock_detect wbnoinvd dtherm ida arat pln pts hwp hwp_act_window hwp_epp hwp_pkg_req avx512vbmi umip pku ospke avx512_vbmi2 gfni vaes vpclmulqdq avx512_vnni avx512_bitalg tme avx512_vpopcntdq la57 rdpid fsrm md_clear pconfig flush_l1d arch_capabilities
INFO: Using numpy backend
[Parallel(n_jobs=-1)]: Using backend LokyBackend with 56 concurrent workers.
Block number: 49
INFO: Using numpy backend
INFO: Using numpy backend
INFO: Using numpy backend
INFO: Using numpy backend
INFO: Using numpy backend
INFO: Using numpy backend
INFO: Using numpy backend
INFO: Using numpy backend
INFO: Using numpy backend
INFO: Using numpy backend
INFO: Using numpy backend
INFO: Using numpy backend
INFO: Using numpy backend
INFO: Using numpy backend
INFO: Using numpy backend
INFO: Using numpy backend
INFO: Using numpy backend
INFO: Using numpy backend
INFO: Using numpy backend
INFO: Using numpy backend
INFO: Using numpy backend
INFO: Using numpy backend
INFO: Using numpy backend
INFO: Using numpy backend
INFO: Using numpy backend
INFO: Using numpy backend
INFO: Using numpy backend
INFO: Using numpy backend
INFO: Using numpy backend
INFO: Using numpy backend
INFO: Using numpy backend
INFO: Using numpy backend
INFO: Using numpy backend
INFO: Using numpy backend
INFO: Using numpy backend
INFO: Using numpy backend
INFO: Using numpy backend
INFO: Using numpy backend
INFO: Using numpy backend
INFO: Using numpy backend
INFO: Using numpy backend
INFO: Using numpy backend
INFO: Using numpy backend
INFO: Using numpy backend
INFO: Using numpy backend
INFO: Using numpy backend
INFO: Using numpy backend
INFO: Using numpy backend
INFO: Using numpy backend
INFO: Using numpy backend
INFO: Using numpy backend
INFO: Using numpy backend
INFO: Using numpy backend
INFO: Using numpy backend
INFO: Using numpy backend
INFO: Using numpy backend
/home/usc/ei/ega/.local/lib/python3.9/site-packages/sklearn/base.py:1474: ConvergenceWarning: Number of distinct clusters (1) found smaller than n_clusters (2). Possibly due to duplicate points in X.
  return fit_method(estimator, *args, **kwargs)
/home/usc/ei/ega/.local/lib/python3.9/site-packages/sklearn/base.py:1474: ConvergenceWarning: Number of distinct clusters (1) found smaller than n_clusters (2). Possibly due to duplicate points in X.
  return fit_method(estimator, *args, **kwargs)
/home/usc/ei/ega/.local/lib/python3.9/site-packages/sklearn/base.py:1474: ConvergenceWarning: Number of distinct clusters (1) found smaller than n_clusters (2). Possibly due to duplicate points in X.
  return fit_method(estimator, *args, **kwargs)
/home/usc/ei/ega/.local/lib/python3.9/site-packages/sklearn/base.py:1474: ConvergenceWarning: Number of distinct clusters (1) found smaller than n_clusters (2). Possibly due to duplicate points in X.
  return fit_method(estimator, *args, **kwargs)
/home/usc/ei/ega/.local/lib/python3.9/site-packages/sklearn/base.py:1474: ConvergenceWarning: Number of distinct clusters (1) found smaller than n_clusters (2). Possibly due to duplicate points in X.
  return fit_method(estimator, *args, **kwargs)
joblib.externals.loky.process_executor._RemoteTraceback: 
"""
Traceback (most recent call last):
  File "/home/usc/ei/ega/.local/lib/python3.9/site-packages/joblib/externals/loky/process_executor.py", line 463, in _process_worker
    r = call_item()
  File "/home/usc/ei/ega/.local/lib/python3.9/site-packages/joblib/externals/loky/process_executor.py", line 291, in __call__
    return self.fn(*self.args, **self.kwargs)
  File "/home/usc/ei/ega/.local/lib/python3.9/site-packages/joblib/parallel.py", line 598, in __call__
    return [func(*args, **kwargs)
  File "/home/usc/ei/ega/.local/lib/python3.9/site-packages/joblib/parallel.py", line 598, in <listcomp>
    return [func(*args, **kwargs)
  File "/mnt/netapp2/Store_uni/home/usc/ei/ega/jesus/pyfrechet/simulations_SPD/main_parallel.py", line 30, in task
    sampleY_LogChol=np.c_[[spd_to_log_chol(A) for A in sample['sample'][1]]]
  File "/mnt/netapp2/Store_uni/home/usc/ei/ega/jesus/pyfrechet/simulations_SPD/main_parallel.py", line 30, in <listcomp>
    sampleY_LogChol=np.c_[[spd_to_log_chol(A) for A in sample['sample'][1]]]
  File "/mnt/netapp2/Store_uni/home/usc/ei/ega/jesus/pyfrechet/pyfrechet/metric_spaces/log_cholesky.py", line 37, in spd_to_log_chol
    L = np.linalg.cholesky(X)
  File "/home/usc/ei/ega/.local/lib/python3.9/site-packages/numpy/linalg/linalg.py", line 779, in cholesky
    r = gufunc(a, signature=signature, extobj=extobj)
  File "/home/usc/ei/ega/.local/lib/python3.9/site-packages/numpy/linalg/linalg.py", line 115, in _raise_linalgerror_nonposdef
    raise LinAlgError("Matrix is not positive definite")
numpy.linalg.LinAlgError: Matrix is not positive definite
"""

The above exception was the direct cause of the following exception:

Traceback (most recent call last):
  File "/mnt/netapp2/Store_uni/home/usc/ei/ega/jesus/pyfrechet/simulations_SPD/main_parallel.py", line 67, in <module>
    Parallel(n_jobs=-1, verbose=40)(delayed(task)(file) for file in \
  File "/home/usc/ei/ega/.local/lib/python3.9/site-packages/joblib/parallel.py", line 2007, in __call__
    return output if self.return_generator else list(output)
  File "/home/usc/ei/ega/.local/lib/python3.9/site-packages/joblib/parallel.py", line 1650, in _get_outputs
    yield from self._retrieve()
  File "/home/usc/ei/ega/.local/lib/python3.9/site-packages/joblib/parallel.py", line 1754, in _retrieve
    self._raise_error_fast()
  File "/home/usc/ei/ega/.local/lib/python3.9/site-packages/joblib/parallel.py", line 1789, in _raise_error_fast
    error_job.get_result(self.timeout)
  File "/home/usc/ei/ega/.local/lib/python3.9/site-packages/joblib/parallel.py", line 745, in get_result
    return self._return_or_raise()
  File "/home/usc/ei/ega/.local/lib/python3.9/site-packages/joblib/parallel.py", line 763, in _return_or_raise
    raise self._result
numpy.linalg.LinAlgError: Matrix is not positive definite
Auto packing the repository in background for optimum performance.
See "git help gc" for manual housekeeping.
[main 371cd2ca] Simulations SPD block 49
 76 files changed, 74305 insertions(+)
 create mode 100644 simulations_SPD/results/SPD_Samp24_N100_df4_block_9_results.pkl
 create mode 100644 simulations_SPD/results/SPD_Samp24_N100_df6_block_9_results.pkl
 create mode 100644 simulations_SPD/results/SPD_Samp25_N100_df3_block_9_results.pkl
 create mode 100644 simulations_SPD/results/SPD_Samp25_N100_df6_block_9_results.pkl
 create mode 100644 simulations_SPD/results/SPD_Samp26_N100_df5_block_10_results.pkl
 create mode 100644 simulations_SPD/results/SPD_Samp26_N100_df7_block_10_results.pkl
 create mode 100644 simulations_SPD/results/SPD_Samp27_N100_df2_block_10_results.pkl
 create mode 100644 simulations_SPD/results/SPD_Samp27_N100_df3_block_10_results.pkl
 create mode 100644 simulations_SPD/results/SPD_Samp28_N100_df1_block_11_results.pkl
 create mode 100644 simulations_SPD/results/SPD_Samp28_N100_df2_block_11_results.pkl
 create mode 100644 simulations_SPD/results/SPD_Samp28_N100_df3_block_11_results.pkl
 create mode 100644 simulations_SPD/results/SPD_Samp28_N100_df4_block_11_results.pkl
 create mode 100644 simulations_SPD/results/SPD_Samp28_N100_df6_block_11_results.pkl
 create mode 100644 simulations_SPD/results/SPD_Samp28_N100_df7_block_11_results.pkl
 create mode 100644 simulations_SPD/results/SPD_Samp29_N100_df3_block_11_results.pkl
 create mode 100644 simulations_SPD/results/SPD_Samp29_N100_df7_block_11_results.pkl
 create mode 100644 simulations_SPD/results/SPD_Samp2_N100_df3_block_12_results.pkl
 create mode 100644 simulations_SPD/results/SPD_Samp51_N50_df1_block_24_results.pkl
 create mode 100644 simulations_SPD/results/SPD_Samp51_N50_df4_block_24_results.pkl
 create mode 100644 simulations_SPD/results/SPD_Samp51_N50_df6_block_24_results.pkl
 create mode 100644 simulations_SPD/results/SPD_Samp52_N50_df3_block_24_results.pkl
 create mode 100644 simulations_SPD/results/SPD_Samp55_N50_df1_block_26_results.pkl
 create mode 100644 simulations_SPD/results/SPD_Samp55_N50_df2_block_26_results.pkl
 create mode 100644 simulations_SPD/results/SPD_Samp55_N50_df3_block_26_results.pkl
 create mode 100644 simulations_SPD/results/SPD_Samp55_N50_df5_block_26_results.pkl
 create mode 100644 simulations_SPD/results/SPD_Samp55_N50_df6_block_26_results.pkl
 create mode 100644 simulations_SPD/results/SPD_Samp55_N50_df7_block_26_results.pkl
 create mode 100644 simulations_SPD/results/SPD_Samp56_N50_df1_block_26_results.pkl
 create mode 100644 simulations_SPD/results/SPD_Samp56_N50_df3_block_26_results.pkl
 create mode 100644 simulations_SPD/results/SPD_Samp56_N50_df5_block_26_results.pkl
 create mode 100644 simulations_SPD/results/SPD_Samp57_N50_df4_block_27_results.pkl
 create mode 100644 simulations_SPD/results/SPD_Samp58_N50_df1_block_27_results.pkl
 create mode 100644 simulations_SPD/results/SPD_Samp58_N50_df3_block_27_results.pkl
 create mode 100644 simulations_SPD/results/SPD_Samp58_N50_df5_block_27_results.pkl
 create mode 100644 simulations_SPD/results/SPD_Samp58_N50_df6_block_27_results.pkl
 create mode 100644 simulations_SPD/results/SPD_Samp59_N50_df6_block_28_results.pkl
 create mode 100644 simulations_SPD/results/SPD_Samp59_N50_df7_block_28_results.pkl
 create mode 100644 simulations_SPD/results/SPD_Samp5_N50_df5_block_28_results.pkl
 create mode 100644 simulations_SPD/results/SPD_Samp61_N50_df2_block_29_results.pkl
 create mode 100644 slurm-SPD-block49-jobid-7386353.out
To github.com:egarpor/pyfrechet.git
   ebdaf4e9..371cd2ca  main -> main

*****************************************************************************
*                                                                           *
*                    JOB EFFICIENCY REPORT (seff 7386353)                   *
*                                                                           *
*****************************************************************************

Job ID: 7386353
Cluster: finisterrae3
User/Group: usceiega/usc
State: COMPLETED (exit code 0)
Nodes: 1
Cores per node: 56
CPU Utilized: 00:15:47
CPU Efficiency: 38.43% of 00:41:04 core-walltime
Job Wall-clock time: 00:00:44
Memory Utilized: 28.81 MB
Memory Efficiency: 0.28% of 10.00 GB

 +++++++++++++++++++++++++++++++++++++++++++++++++++++++++++++++++++++++++++
 ++   Memory Efficiency is too small. Please review the requested memory. ++
 ++ It seems that you do not need that much memory so we recommend        ++
 ++ requesting less memory in other similar jobs.                         ++
 +++++++++++++++++++++++++++++++++++++++++++++++++++++++++++++++++++++++++++
 
*****************************************************************************

